# JRE version: Java(TM) SE Runtime Environment (18.0.2.1+1) (build 18.0.2.1+1-1)
# Java VM: Java HotSpot(TM) 64-Bit Server VM (18.0.2.1+1-1, mixed mode, sharing, tiered, compressed oops, compressed class ptrs, g1 gc, windows-amd64)
GC Precious Log:
 CardTable entry size: 512
 Card Set container configuration: InlinePtr #cards 4 size 8 Array Of Cards #cards 16 size 48 Howl #buckets 8 coarsen threshold 3686 Howl Bitmap #cards 512 size 80 coarsen threshold 460 Card regions per heap region 1 cards per card region 4096
 CPUs: 8 total, 8 available
 Memory: 16218M
 Large Page Support: Disabled
 NUMA Support: Disabled
 Compressed Oops: Enabled (Zero based)
 Heap Region Size: 2M
 Heap Min Capacity: 8M
 Heap Initial Capacity: 254M
 Heap Max Capacity: 4056M
 Pre-touch: Disabled
 Parallel Workers: 8
 Concurrent Workers: 2
 Concurrent Refinement Workers: 8
 Periodic GC: Disabled
Heap:
 garbage-first heap   total 161792K, used 54612K [0x0000000702800000, 0x0000000800000000)
  region size 2048K, 4 young (8192K), 3 survivors (6144K)
 Metaspace       used 60277K, committed 61056K, reserved 1114112K
  class space    used 6891K, committed 7296K, reserved 1048576K
GC Heap History (20 events):
Event: 5.418 GC heap before
{Heap before GC invocations=2 (full 0):
 garbage-first heap   total 260096K, used 39150K [0x0000000702800000, 0x0000000800000000)
  region size 2048K, 17 young (34816K), 3 survivors (6144K)
 Metaspace       used 21280K, committed 21504K, reserved 1114112K
  class space    used 2831K, committed 2944K, reserved 1048576K
}
Event: 5.427 GC heap after
{Heap after GC invocations=3 (full 0):
 garbage-first heap   total 260096K, used 14168K [0x0000000702800000, 0x0000000800000000)
  region size 2048K, 5 young (10240K), 5 survivors (10240K)
 Metaspace       used 21280K, committed 21504K, reserved 1114112K
  class space    used 2831K, committed 2944K, reserved 1048576K
}
Event: 6.913 GC heap before
{Heap before GC invocations=4 (full 0):
 garbage-first heap   total 61440K, used 40792K [0x0000000702800000, 0x0000000800000000)
  region size 2048K, 18 young (36864K), 5 survivors (10240K)
 Metaspace       used 26225K, committed 26496K, reserved 1114112K
  class space    used 3286K, committed 3392K, reserved 1048576K
}
Event: 6.931 GC heap after
{Heap after GC invocations=5 (full 0):
 garbage-first heap   total 61440K, used 17592K [0x0000000702800000, 0x0000000800000000)
  region size 2048K, 2 young (4096K), 2 survivors (4096K)
 Metaspace       used 26225K, committed 26496K, reserved 1114112K
  class space    used 3286K, committed 3392K, reserved 1048576K
}
Event: 7.041 GC heap before
{Heap before GC invocations=5 (full 0):
 garbage-first heap   total 61440K, used 19640K [0x0000000702800000, 0x0000000800000000)
  region size 2048K, 3 young (6144K), 2 survivors (4096K)
 Metaspace       used 26468K, committed 26816K, reserved 1114112K
  class space    used 3317K, committed 3456K, reserved 1048576K
}
Event: 7.048 GC heap after
{Heap after GC invocations=6 (full 0):
 garbage-first heap   total 61440K, used 18365K [0x0000000702800000, 0x0000000800000000)
  region size 2048K, 1 young (2048K), 1 survivors (2048K)
 Metaspace       used 26468K, committed 26816K, reserved 1114112K
  class space    used 3317K, committed 3456K, reserved 1048576K
}
Event: 9.110 GC heap before
{Heap before GC invocations=6 (full 0):
 garbage-first heap   total 61440K, used 40893K [0x0000000702800000, 0x0000000800000000)
  region size 2048K, 13 young (26624K), 1 survivors (2048K)
 Metaspace       used 30741K, committed 31424K, reserved 1114112K
  class space    used 3845K, committed 4160K, reserved 1048576K
}
Event: 9.117 GC heap after
{Heap after GC invocations=7 (full 0):
 garbage-first heap   total 61440K, used 19472K [0x0000000702800000, 0x0000000800000000)
  region size 2048K, 1 young (2048K), 1 survivors (2048K)
 Metaspace       used 30741K, committed 31424K, reserved 1114112K
  class space    used 3845K, committed 4160K, reserved 1048576K
}
Event: 10.974 GC heap before
{Heap before GC invocations=7 (full 0):
 garbage-first heap   total 61440K, used 42000K [0x0000000702800000, 0x0000000800000000)
  region size 2048K, 12 young (24576K), 1 survivors (2048K)
 Metaspace       used 35680K, committed 36416K, reserved 1114112K
  class space    used 4429K, committed 4800K, reserved 1048576K
}
Event: 10.986 GC heap after
{Heap after GC invocations=8 (full 0):
 garbage-first heap   total 61440K, used 23819K [0x0000000702800000, 0x0000000800000000)
  region size 2048K, 2 young (4096K), 2 survivors (4096K)
 Metaspace       used 35680K, committed 36416K, reserved 1114112K
  class space    used 4429K, committed 4800K, reserved 1048576K
}
Event: 11.965 GC heap before
{Heap before GC invocations=9 (full 0):
 garbage-first heap   total 61440K, used 44299K [0x0000000702800000, 0x0000000800000000)
  region size 2048K, 13 young (26624K), 2 survivors (4096K)
 Metaspace       used 40201K, committed 40960K, reserved 1114112K
  class space    used 5056K, committed 5440K, reserved 1048576K
}
Event: 11.982 GC heap after
{Heap after GC invocations=10 (full 0):
 garbage-first heap   total 61440K, used 26518K [0x0000000702800000, 0x0000000800000000)
  region size 2048K, 2 young (4096K), 2 survivors (4096K)
 Metaspace       used 40201K, committed 40960K, reserved 1114112K
  class space    used 5056K, committed 5440K, reserved 1048576K
}
Event: 12.397 GC heap before
{Heap before GC invocations=10 (full 0):
 garbage-first heap   total 61440K, used 44950K [0x0000000702800000, 0x0000000800000000)
  region size 2048K, 11 young (22528K), 2 survivors (4096K)
 Metaspace       used 40648K, committed 41408K, reserved 1114112K
  class space    used 5095K, committed 5504K, reserved 1048576K
}
Event: 12.423 GC heap after
{Heap after GC invocations=11 (full 0):
 garbage-first heap   total 161792K, used 26480K [0x0000000702800000, 0x0000000800000000)
  region size 2048K, 1 young (2048K), 1 survivors (2048K)
 Metaspace       used 40648K, committed 41408K, reserved 1114112K
  class space    used 5095K, committed 5504K, reserved 1048576K
}
Event: 23.763 GC heap before
{Heap before GC invocations=11 (full 0):
 garbage-first heap   total 161792K, used 118640K [0x0000000702800000, 0x0000000800000000)
  region size 2048K, 47 young (96256K), 1 survivors (2048K)
 Metaspace       used 47238K, committed 48000K, reserved 1114112K
  class space    used 5748K, committed 6144K, reserved 1048576K
}
Event: 23.800 GC heap after
{Heap after GC invocations=12 (full 0):
 garbage-first heap   total 161792K, used 41577K [0x0000000702800000, 0x0000000800000000)
  region size 2048K, 6 young (12288K), 6 survivors (12288K)
 Metaspace       used 47238K, committed 48000K, reserved 1114112K
  class space    used 5748K, committed 6144K, reserved 1048576K
}
Event: 31.658 GC heap before
{Heap before GC invocations=12 (full 0):
 garbage-first heap   total 161792K, used 107113K [0x0000000702800000, 0x0000000800000000)
  region size 2048K, 38 young (77824K), 6 survivors (12288K)
 Metaspace       used 52427K, committed 53184K, reserved 1114112K
  class space    used 6214K, committed 6592K, reserved 1048576K
}
Event: 31.701 GC heap after
{Heap after GC invocations=13 (full 0):
 garbage-first heap   total 161792K, used 49354K [0x0000000702800000, 0x0000000800000000)
  region size 2048K, 4 young (8192K), 4 survivors (8192K)
 Metaspace       used 52427K, committed 53184K, reserved 1114112K
  class space    used 6214K, committed 6592K, reserved 1048576K
}
Event: 41.039 GC heap before
{Heap before GC invocations=13 (full 0):
 garbage-first heap   total 161792K, used 112842K [0x0000000702800000, 0x0000000800000000)
  region size 2048K, 36 young (73728K), 4 survivors (8192K)
 Metaspace       used 60158K, committed 60928K, reserved 1114112K
  class space    used 6876K, committed 7296K, reserved 1048576K
}
Event: 41.065 GC heap after
{Heap after GC invocations=14 (full 0):
 garbage-first heap   total 161792K, used 54612K [0x0000000702800000, 0x0000000800000000)
  region size 2048K, 3 young (6144K), 3 survivors (6144K)
 Metaspace       used 60158K, committed 60928K, reserved 1114112K
  class space    used 6876K, committed 7296K, reserved 1048576K
}

